{"D:\\BookLoop\\WebsiteSourceCode\\bookLoop1.2\\BookLoop\\src\\assets\\logo-dark.ico": {"path":"D:\\BookLoop\\WebsiteSourceCode\\bookLoop1.2\\BookLoop\\src\\assets\\logo-dark.ico","statementMap":{},"fnMap":{},"branchMap":{},"s":{},"f":{},"b":{},"meta":{"lastBranch":0,"lastFunction":0,"lastStatement":0,"seen":{}}}
,"D:\\BookLoop\\WebsiteSourceCode\\bookLoop1.2\\BookLoop\\src\\assets\\logo-light.ico": {"path":"D:\\BookLoop\\WebsiteSourceCode\\bookLoop1.2\\BookLoop\\src\\assets\\logo-light.ico","statementMap":{},"fnMap":{},"branchMap":{},"s":{},"f":{},"b":{},"meta":{"lastBranch":0,"lastFunction":0,"lastStatement":0,"seen":{}}}
,"D:\\BookLoop\\WebsiteSourceCode\\bookLoop1.2\\BookLoop\\src\\components\\BookCard.tsx": {"path":"D:\\BookLoop\\WebsiteSourceCode\\bookLoop1.2\\BookLoop\\src\\components\\BookCard.tsx","statementMap":{"0":{"start":{"line":14,"column":44},"end":{"line":47,"column":null}},"1":{"start":{"line":49,"column":6},"end":{"line":49,"column":null}},"2":{"start":{"line":51,"column":17},"end":{"line":104,"column":null}},"3":{"start":{"line":52,"column":13},"end":{"line":52,"column":null}},"4":{"start":{"line":53,"column":21},"end":{"line":53,"column":null}},"5":{"start":{"line":56,"column":29},"end":{"line":64,"column":null}},"6":{"start":{"line":57,"column":4},"end":{"line":57,"column":null}},"7":{"start":{"line":57,"column":16},"end":{"line":57,"column":null}},"8":{"start":{"line":58,"column":23},"end":{"line":58,"column":null}},"9":{"start":{"line":59,"column":27},"end":{"line":59,"column":50}},"10":{"start":{"line":60,"column":4},"end":{"line":62,"column":null}},"11":{"start":{"line":61,"column":6},"end":{"line":61,"column":null}},"12":{"start":{"line":63,"column":4},"end":{"line":63,"column":18}},"13":{"start":{"line":66,"column":2},"end":{"line":98,"column":null}},"14":{"start":{"line":84,"column":13},"end":{"line":84,"column":null}},"15":{"start":{"line":106,"column":22},"end":{"line":143,"column":null}},"16":{"start":{"line":107,"column":2},"end":{"line":107,"column":null}},"17":{"start":{"line":107,"column":14},"end":{"line":107,"column":null}},"18":{"start":{"line":109,"column":2},"end":{"line":142,"column":null}},"19":{"start":{"line":111,"column":6},"end":{"line":111,"column":null}},"20":{"start":{"line":113,"column":6},"end":{"line":113,"column":null}},"21":{"start":{"line":115,"column":6},"end":{"line":115,"column":null}},"22":{"start":{"line":118,"column":6},"end":{"line":118,"column":null}},"23":{"start":{"line":120,"column":6},"end":{"line":120,"column":null}},"24":{"start":{"line":122,"column":6},"end":{"line":122,"column":null}},"25":{"start":{"line":124,"column":6},"end":{"line":124,"column":null}},"26":{"start":{"line":126,"column":6},"end":{"line":126,"column":null}},"27":{"start":{"line":129,"column":6},"end":{"line":129,"column":null}},"28":{"start":{"line":131,"column":6},"end":{"line":131,"column":null}},"29":{"start":{"line":133,"column":6},"end":{"line":133,"column":null}},"30":{"start":{"line":135,"column":6},"end":{"line":135,"column":null}},"31":{"start":{"line":137,"column":6},"end":{"line":137,"column":null}},"32":{"start":{"line":139,"column":6},"end":{"line":139,"column":null}},"33":{"start":{"line":141,"column":6},"end":{"line":141,"column":null}}},"fnMap":{"0":{"name":"(anonymous_0)","decl":{"start":{"line":51,"column":17},"end":{"line":51,"column":18}},"loc":{"start":{"line":51,"column":52},"end":{"line":104,"column":null}},"line":51},"1":{"name":"(anonymous_1)","decl":{"start":{"line":56,"column":29},"end":{"line":56,"column":30}},"loc":{"start":{"line":56,"column":30},"end":{"line":64,"column":null}},"line":56},"2":{"name":"(anonymous_2)","decl":{"start":{"line":83,"column":19},"end":{"line":83,"column":20}},"loc":{"start":{"line":83,"column":20},"end":{"line":85,"column":null}},"line":83},"3":{"name":"(anonymous_3)","decl":{"start":{"line":106,"column":22},"end":{"line":106,"column":23}},"loc":{"start":{"line":106,"column":23},"end":{"line":143,"column":null}},"line":106}},"branchMap":{"0":{"loc":{"start":{"line":57,"column":4},"end":{"line":57,"column":null}},"type":"if","locations":[{"start":{"line":57,"column":4},"end":{"line":57,"column":null}},{"start":{},"end":{}}],"line":57},"1":{"loc":{"start":{"line":60,"column":4},"end":{"line":62,"column":null}},"type":"if","locations":[{"start":{"line":60,"column":4},"end":{"line":62,"column":null}},{"start":{},"end":{}}],"line":60},"2":{"loc":{"start":{"line":80,"column":15},"end":{"line":80,"column":null}},"type":"binary-expr","locations":[{"start":{"line":80,"column":15},"end":{"line":80,"column":35}},{"start":{"line":80,"column":39},"end":{"line":80,"column":null}}],"line":80},"3":{"loc":{"start":{"line":87,"column":9},"end":{"line":89,"column":null}},"type":"binary-expr","locations":[{"start":{"line":87,"column":9},"end":{"line":87,"column":27}},{"start":{"line":87,"column":27},"end":{"line":89,"column":null}}],"line":87},"4":{"loc":{"start":{"line":107,"column":2},"end":{"line":107,"column":null}},"type":"if","locations":[{"start":{"line":107,"column":2},"end":{"line":107,"column":null}},{"start":{},"end":{}}],"line":107},"5":{"loc":{"start":{"line":109,"column":2},"end":{"line":142,"column":null}},"type":"switch","locations":[{"start":{"line":110,"column":4},"end":{"line":111,"column":null}},{"start":{"line":112,"column":4},"end":{"line":113,"column":null}},{"start":{"line":114,"column":4},"end":{"line":115,"column":null}},{"start":{"line":116,"column":4},"end":{"line":116,"column":null}},{"start":{"line":117,"column":4},"end":{"line":118,"column":null}},{"start":{"line":119,"column":4},"end":{"line":120,"column":null}},{"start":{"line":121,"column":4},"end":{"line":122,"column":null}},{"start":{"line":123,"column":4},"end":{"line":124,"column":null}},{"start":{"line":125,"column":4},"end":{"line":126,"column":null}},{"start":{"line":127,"column":4},"end":{"line":127,"column":null}},{"start":{"line":128,"column":4},"end":{"line":129,"column":null}},{"start":{"line":130,"column":4},"end":{"line":131,"column":null}},{"start":{"line":132,"column":4},"end":{"line":133,"column":null}},{"start":{"line":134,"column":4},"end":{"line":135,"column":null}},{"start":{"line":136,"column":4},"end":{"line":137,"column":null}},{"start":{"line":138,"column":4},"end":{"line":139,"column":null}},{"start":{"line":140,"column":4},"end":{"line":141,"column":null}}],"line":109}},"s":{"0":2,"1":2,"2":2,"3":4,"4":4,"5":4,"6":3,"7":0,"8":3,"9":3,"10":3,"11":3,"12":0,"13":4,"14":0,"15":2,"16":3,"17":0,"18":3,"19":3,"20":0,"21":0,"22":0,"23":0,"24":0,"25":0,"26":0,"27":0,"28":0,"29":0,"30":0,"31":0,"32":0,"33":0},"f":{"0":4,"1":3,"2":0,"3":3},"b":{"0":[0,3],"1":[3,0],"2":[4,1],"3":[4,1],"4":[0,3],"5":[3,0,0,0,0,0,0,0,0,0,0,0,0,0,0,0,0]},"meta":{"lastBranch":6,"lastFunction":4,"lastStatement":34,"seen":{"s:14:44:47:Infinity":0,"s:49:6:49:Infinity":1,"s:51:17:104:Infinity":2,"f:51:17:51:18":0,"s:52:13:52:Infinity":3,"s:53:21:53:Infinity":4,"s:56:29:64:Infinity":5,"f:56:29:56:30":1,"b:57:4:57:Infinity:undefined:undefined:undefined:undefined":0,"s:57:4:57:Infinity":6,"s:57:16:57:Infinity":7,"s:58:23:58:Infinity":8,"s:59:27:59:50":9,"b:60:4:62:Infinity:undefined:undefined:undefined:undefined":1,"s:60:4:62:Infinity":10,"s:61:6:61:Infinity":11,"s:63:4:63:18":12,"s:66:2:98:Infinity":13,"b:80:15:80:35:80:39:80:Infinity":2,"f:83:19:83:20":2,"s:84:13:84:Infinity":14,"b:87:9:87:27:87:27:89:Infinity":3,"s:106:22:143:Infinity":15,"f:106:22:106:23":3,"b:107:2:107:Infinity:undefined:undefined:undefined:undefined":4,"s:107:2:107:Infinity":16,"s:107:14:107:Infinity":17,"b:110:4:111:Infinity:112:4:113:Infinity:114:4:115:Infinity:116:4:116:Infinity:117:4:118:Infinity:119:4:120:Infinity:121:4:122:Infinity:123:4:124:Infinity:125:4:126:Infinity:127:4:127:Infinity:128:4:129:Infinity:130:4:131:Infinity:132:4:133:Infinity:134:4:135:Infinity:136:4:137:Infinity:138:4:139:Infinity:140:4:141:Infinity":5,"s:109:2:142:Infinity":18,"s:111:6:111:Infinity":19,"s:113:6:113:Infinity":20,"s:115:6:115:Infinity":21,"s:118:6:118:Infinity":22,"s:120:6:120:Infinity":23,"s:122:6:122:Infinity":24,"s:124:6:124:Infinity":25,"s:126:6:126:Infinity":26,"s:129:6:129:Infinity":27,"s:131:6:131:Infinity":28,"s:133:6:133:Infinity":29,"s:135:6:135:Infinity":30,"s:137:6:137:Infinity":31,"s:139:6:139:Infinity":32,"s:141:6:141:Infinity":33}}}
,"D:\\BookLoop\\WebsiteSourceCode\\bookLoop1.2\\BookLoop\\src\\components\\BookRow.tsx": {"path":"D:\\BookLoop\\WebsiteSourceCode\\bookLoop1.2\\BookLoop\\src\\components\\BookRow.tsx","statementMap":{"0":{"start":{"line":17,"column":16},"end":{"line":60,"column":null}},"1":{"start":{"line":18,"column":19},"end":{"line":18,"column":null}},"2":{"start":{"line":19,"column":16},"end":{"line":19,"column":null}},"3":{"start":{"line":21,"column":2},"end":{"line":23,"column":null}},"4":{"start":{"line":22,"column":4},"end":{"line":22,"column":null}},"5":{"start":{"line":25,"column":2},"end":{"line":55,"column":null}},"6":{"start":{"line":43,"column":24},"end":{"line":45,"column":null}}},"fnMap":{"0":{"name":"(anonymous_0)","decl":{"start":{"line":17,"column":16},"end":{"line":17,"column":17}},"loc":{"start":{"line":17,"column":74},"end":{"line":60,"column":null}},"line":17},"1":{"name":"(anonymous_1)","decl":{"start":{"line":43,"column":23},"end":{"line":43,"column":24}},"loc":{"start":{"line":43,"column":24},"end":{"line":45,"column":null}},"line":43}},"branchMap":{"0":{"loc":{"start":{"line":21,"column":2},"end":{"line":23,"column":null}},"type":"if","locations":[{"start":{"line":21,"column":2},"end":{"line":23,"column":null}},{"start":{},"end":{}}],"line":21},"1":{"loc":{"start":{"line":21,"column":6},"end":{"line":21,"column":36}},"type":"binary-expr","locations":[{"start":{"line":21,"column":6},"end":{"line":21,"column":16}},{"start":{"line":21,"column":16},"end":{"line":21,"column":36}}],"line":21},"2":{"loc":{"start":{"line":29,"column":9},"end":{"line":35,"column":null}},"type":"binary-expr","locations":[{"start":{"line":29,"column":9},"end":{"line":29,"column":null}},{"start":{"line":29,"column":9},"end":{"line":35,"column":null}}],"line":29},"3":{"loc":{"start":{"line":40,"column":7},"end":{"line":55,"column":null}},"type":"cond-expr","locations":[{"start":{"line":40,"column":22},"end":{"line":54,"column":9}},{"start":{"line":54,"column":8},"end":{"line":55,"column":null}}],"line":40},"4":{"loc":{"start":{"line":41,"column":67},"end":{"line":41,"column":null}},"type":"cond-expr","locations":[{"start":{"line":41,"column":75},"end":{"line":41,"column":83}},{"start":{"line":41,"column":83},"end":{"line":41,"column":null}}],"line":41},"5":{"loc":{"start":{"line":51,"column":57},"end":{"line":51,"column":null}},"type":"cond-expr","locations":[{"start":{"line":51,"column":65},"end":{"line":51,"column":120}},{"start":{"line":51,"column":120},"end":{"line":51,"column":null}}],"line":51},"6":{"loc":{"start":{"line":55,"column":48},"end":{"line":55,"column":null}},"type":"binary-expr","locations":[{"start":{"line":55,"column":48},"end":{"line":55,"column":64}},{"start":{"line":55,"column":64},"end":{"line":55,"column":null}}],"line":55}},"s":{"0":1,"1":4,"2":4,"3":4,"4":4,"5":0,"6":0},"f":{"0":4,"1":0},"b":{"0":[4,0],"1":[4,4],"2":[0,0],"3":[0,0],"4":[0,0],"5":[0,0],"6":[0,0]},"meta":{"lastBranch":7,"lastFunction":2,"lastStatement":7,"seen":{"s:17:16:60:Infinity":0,"f:17:16:17:17":0,"s:18:19:18:Infinity":1,"s:19:16:19:Infinity":2,"b:21:2:23:Infinity:undefined:undefined:undefined:undefined":0,"s:21:2:23:Infinity":3,"b:21:6:21:16:21:16:21:36":1,"s:22:4:22:Infinity":4,"s:25:2:55:Infinity":5,"b:29:9:29:Infinity:29:9:35:Infinity":2,"b:40:22:54:9:54:8:55:Infinity":3,"b:41:75:41:83:41:83:41:Infinity":4,"f:43:23:43:24":1,"s:43:24:45:Infinity":6,"b:51:65:51:120:51:120:51:Infinity":5,"b:55:48:55:64:55:64:55:Infinity":6}}}
,"D:\\BookLoop\\WebsiteSourceCode\\bookLoop1.2\\BookLoop\\src\\components\\LanguageSwitcher.tsx": {"path":"D:\\BookLoop\\WebsiteSourceCode\\bookLoop1.2\\BookLoop\\src\\components\\LanguageSwitcher.tsx","statementMap":{"0":{"start":{"line":6,"column":33},"end":{"line":6,"column":null}},"1":{"start":{"line":8,"column":25},"end":{"line":10,"column":null}},"2":{"start":{"line":9,"column":4},"end":{"line":9,"column":null}},"3":{"start":{"line":12,"column":2},"end":{"line":21,"column":null}}},"fnMap":{"0":{"name":"LanguageSwitcher","decl":{"start":{"line":5,"column":16},"end":{"line":5,"column":null}},"loc":{"start":{"line":5,"column":16},"end":{"line":25,"column":null}},"line":5},"1":{"name":"(anonymous_1)","decl":{"start":{"line":8,"column":25},"end":{"line":8,"column":null}},"loc":{"start":{"line":8,"column":25},"end":{"line":10,"column":null}},"line":8}},"branchMap":{"0":{"loc":{"start":{"line":9,"column":16},"end":{"line":9,"column":null}},"type":"cond-expr","locations":[{"start":{"line":9,"column":36},"end":{"line":9,"column":43}},{"start":{"line":9,"column":43},"end":{"line":9,"column":null}}],"line":9},"1":{"loc":{"start":{"line":18,"column":13},"end":{"line":18,"column":null}},"type":"cond-expr","locations":[{"start":{"line":18,"column":33},"end":{"line":18,"column":57}},{"start":{"line":18,"column":57},"end":{"line":18,"column":null}}],"line":18},"2":{"loc":{"start":{"line":21,"column":9},"end":{"line":21,"column":null}},"type":"cond-expr","locations":[{"start":{"line":21,"column":29},"end":{"line":21,"column":36}},{"start":{"line":21,"column":36},"end":{"line":21,"column":null}}],"line":21}},"s":{"0":7,"1":7,"2":0,"3":7},"f":{"0":7,"1":0},"b":{"0":[0,0],"1":[7,0],"2":[7,0]},"meta":{"lastBranch":3,"lastFunction":2,"lastStatement":4,"seen":{"f:5:16:5:Infinity":0,"s:6:33:6:Infinity":0,"s:8:25:10:Infinity":1,"f:8:25:8:Infinity":1,"s:9:4:9:Infinity":2,"b:9:36:9:43:9:43:9:Infinity":0,"s:12:2:21:Infinity":3,"b:18:33:18:57:18:57:18:Infinity":1,"b:21:29:21:36:21:36:21:Infinity":2}}}
,"D:\\BookLoop\\WebsiteSourceCode\\bookLoop1.2\\BookLoop\\src\\components\\NavBar.tsx": {"path":"D:\\BookLoop\\WebsiteSourceCode\\bookLoop1.2\\BookLoop\\src\\components\\NavBar.tsx","statementMap":{"0":{"start":{"line":29,"column":21},"end":{"line":29,"column":null}},"1":{"start":{"line":31,"column":15},"end":{"line":261,"column":null}},"2":{"start":{"line":33,"column":22},"end":{"line":33,"column":null}},"3":{"start":{"line":33,"column":40},"end":{"line":33,"column":null}},"4":{"start":{"line":34,"column":2},"end":{"line":36,"column":null}},"5":{"start":{"line":35,"column":4},"end":{"line":35,"column":null}},"6":{"start":{"line":37,"column":25},"end":{"line":37,"column":null}},"7":{"start":{"line":38,"column":19},"end":{"line":38,"column":null}},"8":{"start":{"line":39,"column":23},"end":{"line":39,"column":null}},"9":{"start":{"line":40,"column":17},"end":{"line":40,"column":null}},"10":{"start":{"line":41,"column":19},"end":{"line":41,"column":null}},"11":{"start":{"line":42,"column":16},"end":{"line":42,"column":null}},"12":{"start":{"line":43,"column":8},"end":{"line":43,"column":null}},"13":{"start":{"line":44,"column":49},"end":{"line":44,"column":null}},"14":{"start":{"line":45,"column":20},"end":{"line":45,"column":null}},"15":{"start":{"line":46,"column":17},"end":{"line":46,"column":null}},"16":{"start":{"line":47,"column":27},"end":{"line":49,"column":null}},"17":{"start":{"line":51,"column":25},"end":{"line":56,"column":null}},"18":{"start":{"line":52,"column":4},"end":{"line":54,"column":null}},"19":{"start":{"line":53,"column":6},"end":{"line":53,"column":null}},"20":{"start":{"line":55,"column":4},"end":{"line":55,"column":null}},"21":{"start":{"line":58,"column":15},"end":{"line":58,"column":null}},"22":{"start":{"line":60,"column":30},"end":{"line":62,"column":null}},"23":{"start":{"line":61,"column":4},"end":{"line":61,"column":null}},"24":{"start":{"line":63,"column":2},"end":{"line":255,"column":null}},"25":{"start":{"line":218,"column":35},"end":{"line":218,"column":null}},"26":{"start":{"line":254,"column":18},"end":{"line":254,"column":null}}},"fnMap":{"0":{"name":"(anonymous_0)","decl":{"start":{"line":31,"column":15},"end":{"line":31,"column":16}},"loc":{"start":{"line":31,"column":32},"end":{"line":261,"column":null}},"line":31},"1":{"name":"(anonymous_1)","decl":{"start":{"line":33,"column":34},"end":{"line":33,"column":40}},"loc":{"start":{"line":33,"column":40},"end":{"line":33,"column":null}},"line":33},"2":{"name":"(anonymous_2)","decl":{"start":{"line":34,"column":12},"end":{"line":34,"column":null}},"loc":{"start":{"line":34,"column":12},"end":{"line":36,"column":5}},"line":34},"3":{"name":"(anonymous_3)","decl":{"start":{"line":51,"column":25},"end":{"line":51,"column":null}},"loc":{"start":{"line":51,"column":25},"end":{"line":56,"column":null}},"line":51},"4":{"name":"(anonymous_4)","decl":{"start":{"line":60,"column":30},"end":{"line":60,"column":null}},"loc":{"start":{"line":60,"column":30},"end":{"line":62,"column":null}},"line":60},"5":{"name":"(anonymous_5)","decl":{"start":{"line":218,"column":29},"end":{"line":218,"column":35}},"loc":{"start":{"line":218,"column":35},"end":{"line":218,"column":null}},"line":218},"6":{"name":"(anonymous_6)","decl":{"start":{"line":254,"column":11},"end":{"line":254,"column":12}},"loc":{"start":{"line":254,"column":18},"end":{"line":254,"column":null}},"line":254}},"branchMap":{"0":{"loc":{"start":{"line":46,"column":17},"end":{"line":46,"column":null}},"type":"binary-expr","locations":[{"start":{"line":46,"column":17},"end":{"line":46,"column":37}},{"start":{"line":46,"column":37},"end":{"line":46,"column":null}}],"line":46},"1":{"loc":{"start":{"line":47,"column":27},"end":{"line":49,"column":null}},"type":"cond-expr","locations":[{"start":{"line":48,"column":4},"end":{"line":48,"column":null}},{"start":{"line":49,"column":4},"end":{"line":49,"column":null}}],"line":47},"2":{"loc":{"start":{"line":52,"column":4},"end":{"line":54,"column":null}},"type":"if","locations":[{"start":{"line":52,"column":4},"end":{"line":54,"column":null}},{"start":{},"end":{}}],"line":52},"3":{"loc":{"start":{"line":53,"column":13},"end":{"line":53,"column":null}},"type":"cond-expr","locations":[{"start":{"line":53,"column":73},"end":{"line":53,"column":82}},{"start":{"line":53,"column":82},"end":{"line":53,"column":null}}],"line":53},"4":{"loc":{"start":{"line":58,"column":15},"end":{"line":58,"column":null}},"type":"cond-expr","locations":[{"start":{"line":58,"column":45},"end":{"line":58,"column":56}},{"start":{"line":58,"column":56},"end":{"line":58,"column":null}}],"line":58},"5":{"loc":{"start":{"line":69,"column":15},"end":{"line":69,"column":null}},"type":"cond-expr","locations":[{"start":{"line":69,"column":30},"end":{"line":69,"column":77}},{"start":{"line":69,"column":77},"end":{"line":69,"column":null}}],"line":69},"6":{"loc":{"start":{"line":70,"column":15},"end":{"line":70,"column":null}},"type":"cond-expr","locations":[{"start":{"line":70,"column":30},"end":{"line":70,"column":74}},{"start":{"line":70,"column":74},"end":{"line":70,"column":null}}],"line":70},"7":{"loc":{"start":{"line":92,"column":16},"end":{"line":94,"column":null}},"type":"cond-expr","locations":[{"start":{"line":93,"column":20},"end":{"line":93,"column":null}},{"start":{"line":94,"column":20},"end":{"line":94,"column":null}}],"line":92},"8":{"loc":{"start":{"line":102,"column":16},"end":{"line":104,"column":null}},"type":"cond-expr","locations":[{"start":{"line":103,"column":20},"end":{"line":103,"column":null}},{"start":{"line":104,"column":20},"end":{"line":104,"column":null}}],"line":102},"9":{"loc":{"start":{"line":109,"column":13},"end":{"line":140,"column":null}},"type":"binary-expr","locations":[{"start":{"line":109,"column":13},"end":{"line":109,"column":null}},{"start":{"line":109,"column":13},"end":{"line":140,"column":null}}],"line":109},"10":{"loc":{"start":{"line":114,"column":20},"end":{"line":116,"column":null}},"type":"cond-expr","locations":[{"start":{"line":115,"column":24},"end":{"line":115,"column":null}},{"start":{"line":116,"column":24},"end":{"line":116,"column":null}}],"line":114},"11":{"loc":{"start":{"line":124,"column":20},"end":{"line":126,"column":null}},"type":"cond-expr","locations":[{"start":{"line":125,"column":24},"end":{"line":125,"column":null}},{"start":{"line":126,"column":24},"end":{"line":126,"column":null}}],"line":124},"12":{"loc":{"start":{"line":134,"column":20},"end":{"line":136,"column":null}},"type":"cond-expr","locations":[{"start":{"line":135,"column":24},"end":{"line":135,"column":null}},{"start":{"line":136,"column":24},"end":{"line":136,"column":null}}],"line":134},"13":{"loc":{"start":{"line":152,"column":11},"end":{"line":239,"column":null}},"type":"cond-expr","locations":[{"start":{"line":152,"column":11},"end":{"line":227,"column":13}},{"start":{"line":227,"column":12},"end":{"line":239,"column":null}}],"line":152},"14":{"loc":{"start":{"line":162,"column":17},"end":{"line":164,"column":null}},"type":"binary-expr","locations":[{"start":{"line":162,"column":17},"end":{"line":162,"column":null}},{"start":{"line":162,"column":31},"end":{"line":164,"column":null}}],"line":162},"15":{"loc":{"start":{"line":164,"column":21},"end":{"line":164,"column":null}},"type":"cond-expr","locations":[{"start":{"line":164,"column":39},"end":{"line":164,"column":46}},{"start":{"line":164,"column":46},"end":{"line":164,"column":null}}],"line":164},"16":{"loc":{"start":{"line":177,"column":33},"end":{"line":177,"column":null}},"type":"cond-expr","locations":[{"start":{"line":177,"column":41},"end":{"line":177,"column":49}},{"start":{"line":177,"column":49},"end":{"line":177,"column":null}}],"line":177},"17":{"loc":{"start":{"line":181,"column":40},"end":{"line":181,"column":63}},"type":"binary-expr","locations":[{"start":{"line":181,"column":40},"end":{"line":181,"column":55}},{"start":{"line":181,"column":59},"end":{"line":181,"column":63}}],"line":181},"18":{"loc":{"start":{"line":182,"column":39},"end":{"line":182,"column":null}},"type":"binary-expr","locations":[{"start":{"line":182,"column":39},"end":{"line":182,"column":76}},{"start":{"line":182,"column":76},"end":{"line":182,"column":null}}],"line":182},"19":{"loc":{"start":{"line":209,"column":19},"end":{"line":212,"column":null}},"type":"binary-expr","locations":[{"start":{"line":209,"column":19},"end":{"line":209,"column":null}},{"start":{"line":209,"column":19},"end":{"line":212,"column":null}}],"line":209},"20":{"loc":{"start":{"line":249,"column":7},"end":{"line":255,"column":null}},"type":"binary-expr","locations":[{"start":{"line":249,"column":7},"end":{"line":249,"column":null}},{"start":{"line":249,"column":7},"end":{"line":255,"column":null}}],"line":249},"21":{"loc":{"start":{"line":252,"column":4},"end":{"line":252,"column":null}},"type":"cond-expr","locations":[{"start":{"line":252,"column":12},"end":{"line":252,"column":34}},{"start":{"line":252,"column":34},"end":{"line":252,"column":null}}],"line":252}},"s":{"0":1,"1":1,"2":7,"3":3,"4":7,"5":3,"6":7,"7":7,"8":7,"9":7,"10":7,"11":7,"12":7,"13":7,"14":7,"15":7,"16":7,"17":7,"18":7,"19":0,"20":7,"21":7,"22":7,"23":0,"24":7,"25":0,"26":0},"f":{"0":7,"1":3,"2":3,"3":7,"4":0,"5":0,"6":0},"b":{"0":[7,0],"1":[7,0],"2":[0,7],"3":[0,0],"4":[0,7],"5":[2,5],"6":[2,5],"7":[7,0],"8":[0,7],"9":[7,0],"10":[0,0],"11":[0,0],"12":[0,0],"13":[0,7],"14":[0,0],"15":[0,0],"16":[0,0],"17":[0,0],"18":[0,0],"19":[0,0],"20":[7,0],"21":[0,0]},"meta":{"lastBranch":22,"lastFunction":7,"lastStatement":27,"seen":{"s:29:21:29:Infinity":0,"s:31:15:261:Infinity":1,"f:31:15:31:16":0,"s:33:22:33:Infinity":2,"f:33:34:33:40":1,"s:33:40:33:Infinity":3,"s:34:2:36:Infinity":4,"f:34:12:34:Infinity":2,"s:35:4:35:Infinity":5,"s:37:25:37:Infinity":6,"s:38:19:38:Infinity":7,"s:39:23:39:Infinity":8,"s:40:17:40:Infinity":9,"s:41:19:41:Infinity":10,"s:42:16:42:Infinity":11,"s:43:8:43:Infinity":12,"s:44:49:44:Infinity":13,"s:45:20:45:Infinity":14,"s:46:17:46:Infinity":15,"b:46:17:46:37:46:37:46:Infinity":0,"s:47:27:49:Infinity":16,"b:48:4:48:Infinity:49:4:49:Infinity":1,"s:51:25:56:Infinity":17,"f:51:25:51:Infinity":3,"b:52:4:54:Infinity:undefined:undefined:undefined:undefined":2,"s:52:4:54:Infinity":18,"s:53:6:53:Infinity":19,"b:53:73:53:82:53:82:53:Infinity":3,"s:55:4:55:Infinity":20,"s:58:15:58:Infinity":21,"b:58:45:58:56:58:56:58:Infinity":4,"s:60:30:62:Infinity":22,"f:60:30:60:Infinity":4,"s:61:4:61:Infinity":23,"s:63:2:255:Infinity":24,"b:69:30:69:77:69:77:69:Infinity":5,"b:70:30:70:74:70:74:70:Infinity":6,"b:93:20:93:Infinity:94:20:94:Infinity":7,"b:103:20:103:Infinity:104:20:104:Infinity":8,"b:109:13:109:Infinity:109:13:140:Infinity":9,"b:115:24:115:Infinity:116:24:116:Infinity":10,"b:125:24:125:Infinity:126:24:126:Infinity":11,"b:135:24:135:Infinity:136:24:136:Infinity":12,"b:152:11:227:13:227:12:239:Infinity":13,"b:162:17:162:Infinity:162:31:164:Infinity":14,"b:164:39:164:46:164:46:164:Infinity":15,"b:177:41:177:49:177:49:177:Infinity":16,"b:181:40:181:55:181:59:181:63":17,"b:182:39:182:76:182:76:182:Infinity":18,"b:209:19:209:Infinity:209:19:212:Infinity":19,"f:218:29:218:35":5,"s:218:35:218:Infinity":25,"b:249:7:249:Infinity:249:7:255:Infinity":20,"b:252:12:252:34:252:34:252:Infinity":21,"f:254:11:254:12":6,"s:254:18:254:Infinity":26}}}
,"D:\\BookLoop\\WebsiteSourceCode\\bookLoop1.2\\BookLoop\\src\\components\\NotificationsPanel.tsx": {"path":"D:\\BookLoop\\WebsiteSourceCode\\bookLoop1.2\\BookLoop\\src\\components\\NotificationsPanel.tsx","statementMap":{"0":{"start":{"line":16,"column":27},"end":{"line":139,"column":null}},"1":{"start":{"line":17,"column":8},"end":{"line":17,"column":null}},"2":{"start":{"line":18,"column":19},"end":{"line":18,"column":null}},"3":{"start":{"line":19,"column":20},"end":{"line":19,"column":null}},"4":{"start":{"line":26,"column":3},"end":{"line":26,"column":null}},"5":{"start":{"line":29,"column":33},"end":{"line":46,"column":null}},"6":{"start":{"line":30,"column":49},"end":{"line":38,"column":null}},"7":{"start":{"line":40,"column":27},"end":{"line":40,"column":45}},"8":{"start":{"line":41,"column":4},"end":{"line":43,"column":null}},"9":{"start":{"line":42,"column":6},"end":{"line":42,"column":null}},"10":{"start":{"line":45,"column":4},"end":{"line":45,"column":null}},"11":{"start":{"line":48,"column":22},"end":{"line":64,"column":null}},"12":{"start":{"line":49,"column":4},"end":{"line":51,"column":null}},"13":{"start":{"line":50,"column":6},"end":{"line":50,"column":null}},"14":{"start":{"line":53,"column":4},"end":{"line":53,"column":null}},"15":{"start":{"line":55,"column":4},"end":{"line":63,"column":null}},"16":{"start":{"line":56,"column":6},"end":{"line":62,"column":null}},"17":{"start":{"line":57,"column":8},"end":{"line":57,"column":null}},"18":{"start":{"line":58,"column":13},"end":{"line":62,"column":null}},"19":{"start":{"line":59,"column":8},"end":{"line":59,"column":null}},"20":{"start":{"line":61,"column":8},"end":{"line":61,"column":null}},"21":{"start":{"line":66,"column":21},"end":{"line":77,"column":null}},"22":{"start":{"line":67,"column":17},"end":{"line":67,"column":null}},"23":{"start":{"line":68,"column":16},"end":{"line":68,"column":null}},"24":{"start":{"line":69,"column":20},"end":{"line":69,"column":null}},"25":{"start":{"line":70,"column":23},"end":{"line":70,"column":null}},"26":{"start":{"line":72,"column":4},"end":{"line":74,"column":null}},"27":{"start":{"line":73,"column":6},"end":{"line":73,"column":null}},"28":{"start":{"line":76,"column":4},"end":{"line":76,"column":null}},"29":{"start":{"line":79,"column":2},"end":{"line":134,"column":null}},"30":{"start":{"line":98,"column":30},"end":{"line":100,"column":null}},"31":{"start":{"line":104,"column":29},"end":{"line":104,"column":null}},"32":{"start":{"line":118,"column":24},"end":{"line":118,"column":null}},"33":{"start":{"line":119,"column":24},"end":{"line":119,"column":null}}},"fnMap":{"0":{"name":"(anonymous_0)","decl":{"start":{"line":16,"column":27},"end":{"line":16,"column":28}},"loc":{"start":{"line":16,"column":64},"end":{"line":139,"column":null}},"line":16},"1":{"name":"(anonymous_1)","decl":{"start":{"line":29,"column":33},"end":{"line":29,"column":34}},"loc":{"start":{"line":29,"column":48},"end":{"line":46,"column":null}},"line":29},"2":{"name":"(anonymous_2)","decl":{"start":{"line":48,"column":22},"end":{"line":48,"column":29}},"loc":{"start":{"line":48,"column":90},"end":{"line":64,"column":null}},"line":48},"3":{"name":"(anonymous_3)","decl":{"start":{"line":66,"column":21},"end":{"line":66,"column":22}},"loc":{"start":{"line":66,"column":22},"end":{"line":77,"column":null}},"line":66},"4":{"name":"(anonymous_4)","decl":{"start":{"line":98,"column":29},"end":{"line":98,"column":30}},"loc":{"start":{"line":98,"column":30},"end":{"line":100,"column":null}},"line":98},"5":{"name":"(anonymous_5)","decl":{"start":{"line":104,"column":23},"end":{"line":104,"column":29}},"loc":{"start":{"line":104,"column":29},"end":{"line":104,"column":null}},"line":104},"6":{"name":"(anonymous_6)","decl":{"start":{"line":117,"column":31},"end":{"line":117,"column":32}},"loc":{"start":{"line":117,"column":32},"end":{"line":120,"column":null}},"line":117}},"branchMap":{"0":{"loc":{"start":{"line":41,"column":4},"end":{"line":43,"column":null}},"type":"if","locations":[{"start":{"line":41,"column":4},"end":{"line":43,"column":null}},{"start":{},"end":{}}],"line":41},"1":{"loc":{"start":{"line":49,"column":4},"end":{"line":51,"column":null}},"type":"if","locations":[{"start":{"line":49,"column":4},"end":{"line":51,"column":null}},{"start":{},"end":{}}],"line":49},"2":{"loc":{"start":{"line":55,"column":4},"end":{"line":63,"column":null}},"type":"if","locations":[{"start":{"line":55,"column":4},"end":{"line":63,"column":null}},{"start":{},"end":{}}],"line":55},"3":{"loc":{"start":{"line":56,"column":6},"end":{"line":62,"column":null}},"type":"if","locations":[{"start":{"line":56,"column":6},"end":{"line":62,"column":null}},{"start":{"line":58,"column":13},"end":{"line":62,"column":null}}],"line":56},"4":{"loc":{"start":{"line":56,"column":10},"end":{"line":56,"column":71}},"type":"binary-expr","locations":[{"start":{"line":56,"column":10},"end":{"line":56,"column":41}},{"start":{"line":56,"column":41},"end":{"line":56,"column":71}}],"line":56},"5":{"loc":{"start":{"line":58,"column":13},"end":{"line":62,"column":null}},"type":"if","locations":[{"start":{"line":58,"column":13},"end":{"line":62,"column":null}},{"start":{"line":60,"column":13},"end":{"line":62,"column":null}}],"line":58},"6":{"loc":{"start":{"line":70,"column":23},"end":{"line":70,"column":null}},"type":"cond-expr","locations":[{"start":{"line":70,"column":43},"end":{"line":70,"column":48}},{"start":{"line":70,"column":48},"end":{"line":70,"column":null}}],"line":70},"7":{"loc":{"start":{"line":72,"column":4},"end":{"line":74,"column":null}},"type":"if","locations":[{"start":{"line":72,"column":4},"end":{"line":74,"column":null}},{"start":{},"end":{}}],"line":72},"8":{"loc":{"start":{"line":83,"column":9},"end":{"line":85,"column":null}},"type":"binary-expr","locations":[{"start":{"line":83,"column":9},"end":{"line":83,"column":null}},{"start":{"line":83,"column":32},"end":{"line":85,"column":null}}],"line":83},"9":{"loc":{"start":{"line":92,"column":7},"end":{"line":134,"column":null}},"type":"cond-expr","locations":[{"start":{"line":92,"column":7},"end":{"line":96,"column":24}},{"start":{"line":96,"column":10},"end":{"line":134,"column":null}}],"line":92},"10":{"loc":{"start":{"line":96,"column":10},"end":{"line":134,"column":null}},"type":"cond-expr","locations":[{"start":{"line":96,"column":33},"end":{"line":132,"column":9}},{"start":{"line":132,"column":8},"end":{"line":134,"column":null}}],"line":96},"11":{"loc":{"start":{"line":102,"column":16},"end":{"line":102,"column":null}},"type":"cond-expr","locations":[{"start":{"line":102,"column":39},"end":{"line":102,"column":79}},{"start":{"line":102,"column":79},"end":{"line":102,"column":null}}],"line":102},"12":{"loc":{"start":{"line":107,"column":52},"end":{"line":107,"column":105}},"type":"cond-expr","locations":[{"start":{"line":107,"column":75},"end":{"line":107,"column":88}},{"start":{"line":107,"column":88},"end":{"line":107,"column":105}}],"line":107},"13":{"loc":{"start":{"line":112,"column":45},"end":{"line":112,"column":85}},"type":"binary-expr","locations":[{"start":{"line":112,"column":45},"end":{"line":112,"column":66}},{"start":{"line":112,"column":70},"end":{"line":112,"column":85}}],"line":112}},"s":{"0":1,"1":0,"2":0,"3":0,"4":0,"5":0,"6":0,"7":0,"8":0,"9":0,"10":0,"11":0,"12":0,"13":0,"14":0,"15":0,"16":0,"17":0,"18":0,"19":0,"20":0,"21":0,"22":0,"23":0,"24":0,"25":0,"26":0,"27":0,"28":0,"29":0,"30":0,"31":0,"32":0,"33":0},"f":{"0":0,"1":0,"2":0,"3":0,"4":0,"5":0,"6":0},"b":{"0":[0,0],"1":[0,0],"2":[0,0],"3":[0,0],"4":[0,0],"5":[0,0],"6":[0,0],"7":[0,0],"8":[0,0],"9":[0,0],"10":[0,0],"11":[0,0],"12":[0,0],"13":[0,0]},"meta":{"lastBranch":14,"lastFunction":7,"lastStatement":34,"seen":{"s:16:27:139:Infinity":0,"f:16:27:16:28":0,"s:17:8:17:Infinity":1,"s:18:19:18:Infinity":2,"s:19:20:19:Infinity":3,"s:26:3:26:Infinity":4,"s:29:33:46:Infinity":5,"f:29:33:29:34":1,"s:30:49:38:Infinity":6,"s:40:27:40:45":7,"b:41:4:43:Infinity:undefined:undefined:undefined:undefined":0,"s:41:4:43:Infinity":8,"s:42:6:42:Infinity":9,"s:45:4:45:Infinity":10,"s:48:22:64:Infinity":11,"f:48:22:48:29":2,"b:49:4:51:Infinity:undefined:undefined:undefined:undefined":1,"s:49:4:51:Infinity":12,"s:50:6:50:Infinity":13,"s:53:4:53:Infinity":14,"b:55:4:63:Infinity:undefined:undefined:undefined:undefined":2,"s:55:4:63:Infinity":15,"b:56:6:62:Infinity:58:13:62:Infinity":3,"s:56:6:62:Infinity":16,"b:56:10:56:41:56:41:56:71":4,"s:57:8:57:Infinity":17,"b:58:13:62:Infinity:60:13:62:Infinity":5,"s:58:13:62:Infinity":18,"s:59:8:59:Infinity":19,"s:61:8:61:Infinity":20,"s:66:21:77:Infinity":21,"f:66:21:66:22":3,"s:67:17:67:Infinity":22,"s:68:16:68:Infinity":23,"s:69:20:69:Infinity":24,"s:70:23:70:Infinity":25,"b:70:43:70:48:70:48:70:Infinity":6,"b:72:4:74:Infinity:undefined:undefined:undefined:undefined":7,"s:72:4:74:Infinity":26,"s:73:6:73:Infinity":27,"s:76:4:76:Infinity":28,"s:79:2:134:Infinity":29,"b:83:9:83:Infinity:83:32:85:Infinity":8,"b:92:7:96:24:96:10:134:Infinity":9,"b:96:33:132:9:132:8:134:Infinity":10,"f:98:29:98:30":4,"s:98:30:100:Infinity":30,"b:102:39:102:79:102:79:102:Infinity":11,"f:104:23:104:29":5,"s:104:29:104:Infinity":31,"b:107:75:107:88:107:88:107:105":12,"b:112:45:112:66:112:70:112:85":13,"f:117:31:117:32":6,"s:118:24:118:Infinity":32,"s:119:24:119:Infinity":33}}}
,"D:\\BookLoop\\WebsiteSourceCode\\bookLoop1.2\\BookLoop\\src\\components\\theme-toggle.tsx": {"path":"D:\\BookLoop\\WebsiteSourceCode\\bookLoop1.2\\BookLoop\\src\\components\\theme-toggle.tsx","statementMap":{"0":{"start":{"line":2,"column":0},"end":{"line":2,"column":null}},"1":{"start":{"line":18,"column":27},"end":{"line":18,"column":null}},"2":{"start":{"line":19,"column":19},"end":{"line":19,"column":null}},"3":{"start":{"line":20,"column":16},"end":{"line":20,"column":null}},"4":{"start":{"line":22,"column":25},"end":{"line":27,"column":null}},"5":{"start":{"line":23,"column":4},"end":{"line":25,"column":null}},"6":{"start":{"line":24,"column":6},"end":{"line":24,"column":null}},"7":{"start":{"line":26,"column":4},"end":{"line":26,"column":null}},"8":{"start":{"line":29,"column":22},"end":{"line":29,"column":null}},"9":{"start":{"line":31,"column":2},"end":{"line":48,"column":null}},"10":{"start":{"line":41,"column":41},"end":{"line":41,"column":null}},"11":{"start":{"line":44,"column":41},"end":{"line":44,"column":null}},"12":{"start":{"line":47,"column":41},"end":{"line":47,"column":null}}},"fnMap":{"0":{"name":"ThemeToggle","decl":{"start":{"line":17,"column":16},"end":{"line":17,"column":null}},"loc":{"start":{"line":17,"column":16},"end":{"line":53,"column":null}},"line":17},"1":{"name":"(anonymous_1)","decl":{"start":{"line":22,"column":25},"end":{"line":22,"column":null}},"loc":{"start":{"line":22,"column":25},"end":{"line":27,"column":null}},"line":22},"2":{"name":"(anonymous_2)","decl":{"start":{"line":41,"column":35},"end":{"line":41,"column":41}},"loc":{"start":{"line":41,"column":41},"end":{"line":41,"column":null}},"line":41},"3":{"name":"(anonymous_3)","decl":{"start":{"line":44,"column":35},"end":{"line":44,"column":41}},"loc":{"start":{"line":44,"column":41},"end":{"line":44,"column":null}},"line":44},"4":{"name":"(anonymous_4)","decl":{"start":{"line":47,"column":35},"end":{"line":47,"column":41}},"loc":{"start":{"line":47,"column":41},"end":{"line":47,"column":null}},"line":47}},"branchMap":{"0":{"loc":{"start":{"line":23,"column":4},"end":{"line":25,"column":null}},"type":"if","locations":[{"start":{"line":23,"column":4},"end":{"line":25,"column":null}},{"start":{},"end":{}}],"line":23},"1":{"loc":{"start":{"line":24,"column":13},"end":{"line":24,"column":null}},"type":"cond-expr","locations":[{"start":{"line":24,"column":73},"end":{"line":24,"column":82}},{"start":{"line":24,"column":82},"end":{"line":24,"column":null}}],"line":24},"2":{"loc":{"start":{"line":32,"column":23},"end":{"line":32,"column":null}},"type":"cond-expr","locations":[{"start":{"line":32,"column":31},"end":{"line":32,"column":39}},{"start":{"line":32,"column":39},"end":{"line":32,"column":null}}],"line":32},"3":{"loc":{"start":{"line":34,"column":58},"end":{"line":34,"column":119}},"type":"cond-expr","locations":[{"start":{"line":34,"column":84},"end":{"line":34,"column":99}},{"start":{"line":34,"column":99},"end":{"line":34,"column":119}}],"line":34}},"s":{"0":1,"1":7,"2":7,"3":7,"4":7,"5":7,"6":0,"7":7,"8":7,"9":7,"10":0,"11":0,"12":0},"f":{"0":7,"1":7,"2":0,"3":0,"4":0},"b":{"0":[0,7],"1":[0,0],"2":[0,7],"3":[7,0]},"meta":{"lastBranch":4,"lastFunction":5,"lastStatement":13,"seen":{"s:2:0:2:Infinity":0,"f:17:16:17:Infinity":0,"s:18:27:18:Infinity":1,"s:19:19:19:Infinity":2,"s:20:16:20:Infinity":3,"s:22:25:27:Infinity":4,"f:22:25:22:Infinity":1,"b:23:4:25:Infinity:undefined:undefined:undefined:undefined":0,"s:23:4:25:Infinity":5,"s:24:6:24:Infinity":6,"b:24:73:24:82:24:82:24:Infinity":1,"s:26:4:26:Infinity":7,"s:29:22:29:Infinity":8,"s:31:2:48:Infinity":9,"b:32:31:32:39:32:39:32:Infinity":2,"b:34:84:34:99:34:99:34:119":3,"f:41:35:41:41":2,"s:41:41:41:Infinity":10,"f:44:35:44:41":3,"s:44:41:44:Infinity":11,"f:47:35:47:41":4,"s:47:41:47:Infinity":12}}}
,"D:\\BookLoop\\WebsiteSourceCode\\bookLoop1.2\\BookLoop\\src\\components\\motion\\Reveal.tsx": {"path":"D:\\BookLoop\\WebsiteSourceCode\\bookLoop1.2\\BookLoop\\src\\components\\motion\\Reveal.tsx","statementMap":{"0":{"start":{"line":12,"column":8},"end":{"line":12,"column":null}},"1":{"start":{"line":14,"column":22},"end":{"line":22,"column":null}},"2":{"start":{"line":24,"column":2},"end":{"line":32,"column":null}}},"fnMap":{"0":{"name":"Reveal","decl":{"start":{"line":11,"column":24},"end":{"line":11,"column":31}},"loc":{"start":{"line":11,"column":80},"end":{"line":35,"column":null}},"line":11}},"branchMap":{"0":{"loc":{"start":{"line":11,"column":54},"end":{"line":11,"column":63}},"type":"default-arg","locations":[{"start":{"line":11,"column":62},"end":{"line":11,"column":63}}],"line":11},"1":{"loc":{"start":{"line":11,"column":65},"end":{"line":11,"column":71}},"type":"default-arg","locations":[{"start":{"line":11,"column":69},"end":{"line":11,"column":71}}],"line":11},"2":{"loc":{"start":{"line":15,"column":29},"end":{"line":15,"column":45}},"type":"cond-expr","locations":[{"start":{"line":15,"column":38},"end":{"line":15,"column":42}},{"start":{"line":15,"column":42},"end":{"line":15,"column":45}}],"line":15},"3":{"loc":{"start":{"line":15,"column":53},"end":{"line":15,"column":83}},"type":"cond-expr","locations":[{"start":{"line":15,"column":62},"end":{"line":15,"column":71}},{"start":{"line":15,"column":71},"end":{"line":15,"column":83}}],"line":15}},"s":{"0":20,"1":20,"2":20},"f":{"0":20},"b":{"0":[20],"1":[20],"2":[0,20],"3":[0,20]},"meta":{"lastBranch":4,"lastFunction":1,"lastStatement":3,"seen":{"f:11:24:11:31":0,"b:11:62:11:63":0,"b:11:69:11:71":1,"s:12:8:12:Infinity":0,"s:14:22:22:Infinity":1,"b:15:38:15:42:15:42:15:45":2,"b:15:62:15:71:15:71:15:83":3,"s:24:2:32:Infinity":2}}}
,"D:\\BookLoop\\WebsiteSourceCode\\bookLoop1.2\\BookLoop\\src\\components\\ui\\avatar.tsx": {"path":"D:\\BookLoop\\WebsiteSourceCode\\bookLoop1.2\\BookLoop\\src\\components\\ui\\avatar.tsx","statementMap":{"0":{"start":{"line":6,"column":15},"end":{"line":16,"column":null}},"1":{"start":{"line":9,"column":28},"end":{"line":16,"column":null}},"2":{"start":{"line":19,"column":0},"end":{"line":19,"column":null}},"3":{"start":{"line":21,"column":20},"end":{"line":28,"column":null}},"4":{"start":{"line":24,"column":28},"end":{"line":28,"column":null}},"5":{"start":{"line":31,"column":0},"end":{"line":31,"column":null}},"6":{"start":{"line":33,"column":23},"end":{"line":43,"column":null}},"7":{"start":{"line":36,"column":28},"end":{"line":43,"column":null}},"8":{"start":{"line":46,"column":0},"end":{"line":46,"column":null}}},"fnMap":{"0":{"name":"(anonymous_0)","decl":{"start":{"line":9,"column":2},"end":{"line":9,"column":3}},"loc":{"start":{"line":9,"column":28},"end":{"line":16,"column":null}},"line":9},"1":{"name":"(anonymous_1)","decl":{"start":{"line":24,"column":2},"end":{"line":24,"column":3}},"loc":{"start":{"line":24,"column":28},"end":{"line":28,"column":null}},"line":24},"2":{"name":"(anonymous_2)","decl":{"start":{"line":36,"column":2},"end":{"line":36,"column":3}},"loc":{"start":{"line":36,"column":28},"end":{"line":43,"column":null}},"line":36}},"branchMap":{},"s":{"0":1,"1":0,"2":1,"3":1,"4":0,"5":1,"6":1,"7":0,"8":1},"f":{"0":0,"1":0,"2":0},"b":{},"meta":{"lastBranch":0,"lastFunction":3,"lastStatement":9,"seen":{"s:6:15:16:Infinity":0,"f:9:2:9:3":0,"s:9:28:16:Infinity":1,"s:19:0:19:Infinity":2,"s:21:20:28:Infinity":3,"f:24:2:24:3":1,"s:24:28:28:Infinity":4,"s:31:0:31:Infinity":5,"s:33:23:43:Infinity":6,"f:36:2:36:3":2,"s:36:28:43:Infinity":7,"s:46:0:46:Infinity":8}}}
,"D:\\BookLoop\\WebsiteSourceCode\\bookLoop1.2\\BookLoop\\src\\components\\ui\\badge.tsx": {"path":"D:\\BookLoop\\WebsiteSourceCode\\bookLoop1.2\\BookLoop\\src\\components\\ui\\badge.tsx","statementMap":{"0":{"start":{"line":6,"column":6},"end":{"line":23,"column":null}},"1":{"start":{"line":31,"column":2},"end":{"line":32,"column":null}}},"fnMap":{"0":{"name":"Badge","decl":{"start":{"line":30,"column":9},"end":{"line":30,"column":15}},"loc":{"start":{"line":30,"column":59},"end":{"line":34,"column":null}},"line":30}},"branchMap":{},"s":{"0":2,"1":4},"f":{"0":4},"b":{},"meta":{"lastBranch":0,"lastFunction":1,"lastStatement":2,"seen":{"s:6:6:23:Infinity":0,"f:30:9:30:15":0,"s:31:2:32:Infinity":1}}}
,"D:\\BookLoop\\WebsiteSourceCode\\bookLoop1.2\\BookLoop\\src\\components\\ui\\button.tsx": {"path":"D:\\BookLoop\\WebsiteSourceCode\\bookLoop1.2\\BookLoop\\src\\components\\ui\\button.tsx","statementMap":{"0":{"start":{"line":7,"column":6},"end":{"line":33,"column":null}},"1":{"start":{"line":42,"column":15},"end":{"line":52,"column":null}},"2":{"start":{"line":44,"column":17},"end":{"line":44,"column":null}},"3":{"start":{"line":45,"column":4},"end":{"line":49,"column":null}},"4":{"start":{"line":54,"column":0},"end":{"line":54,"column":null}}},"fnMap":{"0":{"name":"(anonymous_0)","decl":{"start":{"line":43,"column":2},"end":{"line":43,"column":3}},"loc":{"start":{"line":43,"column":60},"end":{"line":52,"column":null}},"line":43}},"branchMap":{"0":{"loc":{"start":{"line":43,"column":31},"end":{"line":43,"column":46}},"type":"default-arg","locations":[{"start":{"line":43,"column":41},"end":{"line":43,"column":46}}],"line":43},"1":{"loc":{"start":{"line":44,"column":17},"end":{"line":44,"column":null}},"type":"cond-expr","locations":[{"start":{"line":44,"column":27},"end":{"line":44,"column":34}},{"start":{"line":44,"column":34},"end":{"line":44,"column":null}}],"line":44}},"s":{"0":1,"1":1,"2":40,"3":40,"4":1},"f":{"0":40},"b":{"0":[40],"1":[0,40]},"meta":{"lastBranch":2,"lastFunction":1,"lastStatement":5,"seen":{"s:7:6:33:Infinity":0,"s:42:15:52:Infinity":1,"f:43:2:43:3":0,"b:43:41:43:46":0,"s:44:17:44:Infinity":2,"b:44:27:44:34:44:34:44:Infinity":1,"s:45:4:49:Infinity":3,"s:54:0:54:Infinity":4}}}
,"D:\\BookLoop\\WebsiteSourceCode\\bookLoop1.2\\BookLoop\\src\\components\\ui\\dropdown-menu.tsx": {"path":"D:\\BookLoop\\WebsiteSourceCode\\bookLoop1.2\\BookLoop\\src\\components\\ui\\dropdown-menu.tsx","statementMap":{"0":{"start":{"line":7,"column":21},"end":{"line":7,"column":47}},"1":{"start":{"line":9,"column":28},"end":{"line":9,"column":57}},"2":{"start":{"line":11,"column":26},"end":{"line":11,"column":53}},"3":{"start":{"line":13,"column":27},"end":{"line":13,"column":55}},"4":{"start":{"line":15,"column":24},"end":{"line":15,"column":49}},"5":{"start":{"line":17,"column":31},"end":{"line":17,"column":63}},"6":{"start":{"line":19,"column":31},"end":{"line":35,"column":null}},"7":{"start":{"line":24,"column":45},"end":{"line":35,"column":null}},"8":{"start":{"line":38,"column":0},"end":{"line":39,"column":null}},"9":{"start":{"line":41,"column":31},"end":{"line":51,"column":null}},"10":{"start":{"line":44,"column":28},"end":{"line":51,"column":null}},"11":{"start":{"line":54,"column":0},"end":{"line":55,"column":null}},"12":{"start":{"line":57,"column":28},"end":{"line":69,"column":null}},"13":{"start":{"line":60,"column":44},"end":{"line":69,"column":null}},"14":{"start":{"line":73,"column":0},"end":{"line":73,"column":null}},"15":{"start":{"line":75,"column":25},"end":{"line":88,"column":null}},"16":{"start":{"line":80,"column":35},"end":{"line":88,"column":null}},"17":{"start":{"line":91,"column":0},"end":{"line":91,"column":null}},"18":{"start":{"line":93,"column":33},"end":{"line":111,"column":null}},"19":{"start":{"line":96,"column":47},"end":{"line":111,"column":null}},"20":{"start":{"line":114,"column":0},"end":{"line":115,"column":null}},"21":{"start":{"line":117,"column":30},"end":{"line":134,"column":null}},"22":{"start":{"line":120,"column":38},"end":{"line":134,"column":null}},"23":{"start":{"line":137,"column":0},"end":{"line":137,"column":null}},"24":{"start":{"line":139,"column":26},"end":{"line":152,"column":null}},"25":{"start":{"line":144,"column":35},"end":{"line":152,"column":null}},"26":{"start":{"line":155,"column":0},"end":{"line":155,"column":null}},"27":{"start":{"line":157,"column":30},"end":{"line":164,"column":null}},"28":{"start":{"line":160,"column":28},"end":{"line":164,"column":null}},"29":{"start":{"line":167,"column":0},"end":{"line":167,"column":null}},"30":{"start":{"line":169,"column":29},"end":{"line":179,"column":null}},"31":{"start":{"line":173,"column":2},"end":{"line":176,"column":null}},"32":{"start":{"line":180,"column":0},"end":{"line":180,"column":null}}},"fnMap":{"0":{"name":"(anonymous_0)","decl":{"start":{"line":24,"column":2},"end":{"line":24,"column":3}},"loc":{"start":{"line":24,"column":45},"end":{"line":35,"column":null}},"line":24},"1":{"name":"(anonymous_1)","decl":{"start":{"line":44,"column":2},"end":{"line":44,"column":3}},"loc":{"start":{"line":44,"column":28},"end":{"line":51,"column":null}},"line":44},"2":{"name":"(anonymous_2)","decl":{"start":{"line":60,"column":2},"end":{"line":60,"column":3}},"loc":{"start":{"line":60,"column":44},"end":{"line":69,"column":null}},"line":60},"3":{"name":"(anonymous_3)","decl":{"start":{"line":80,"column":2},"end":{"line":80,"column":3}},"loc":{"start":{"line":80,"column":35},"end":{"line":88,"column":null}},"line":80},"4":{"name":"(anonymous_4)","decl":{"start":{"line":96,"column":2},"end":{"line":96,"column":3}},"loc":{"start":{"line":96,"column":47},"end":{"line":111,"column":null}},"line":96},"5":{"name":"(anonymous_5)","decl":{"start":{"line":120,"column":2},"end":{"line":120,"column":3}},"loc":{"start":{"line":120,"column":38},"end":{"line":134,"column":null}},"line":120},"6":{"name":"(anonymous_6)","decl":{"start":{"line":144,"column":2},"end":{"line":144,"column":3}},"loc":{"start":{"line":144,"column":35},"end":{"line":152,"column":null}},"line":144},"7":{"name":"(anonymous_7)","decl":{"start":{"line":160,"column":2},"end":{"line":160,"column":3}},"loc":{"start":{"line":160,"column":28},"end":{"line":164,"column":null}},"line":160},"8":{"name":"(anonymous_8)","decl":{"start":{"line":169,"column":29},"end":{"line":169,"column":30}},"loc":{"start":{"line":172,"column":40},"end":{"line":179,"column":null}},"line":172}},"branchMap":{"0":{"loc":{"start":{"line":29,"column":6},"end":{"line":29,"column":null}},"type":"binary-expr","locations":[{"start":{"line":29,"column":6},"end":{"line":29,"column":15}},{"start":{"line":29,"column":15},"end":{"line":29,"column":null}}],"line":29},"1":{"loc":{"start":{"line":60,"column":16},"end":{"line":60,"column":30}},"type":"default-arg","locations":[{"start":{"line":60,"column":29},"end":{"line":60,"column":30}}],"line":60},"2":{"loc":{"start":{"line":85,"column":6},"end":{"line":85,"column":null}},"type":"binary-expr","locations":[{"start":{"line":85,"column":6},"end":{"line":85,"column":15}},{"start":{"line":85,"column":15},"end":{"line":85,"column":null}}],"line":85},"3":{"loc":{"start":{"line":149,"column":6},"end":{"line":149,"column":null}},"type":"binary-expr","locations":[{"start":{"line":149,"column":6},"end":{"line":149,"column":15}},{"start":{"line":149,"column":15},"end":{"line":149,"column":null}}],"line":149}},"s":{"0":1,"1":1,"2":1,"3":1,"4":1,"5":1,"6":1,"7":0,"8":1,"9":1,"10":0,"11":1,"12":1,"13":7,"14":1,"15":1,"16":0,"17":1,"18":1,"19":0,"20":1,"21":1,"22":0,"23":1,"24":1,"25":0,"26":1,"27":1,"28":0,"29":1,"30":1,"31":0,"32":1},"f":{"0":0,"1":0,"2":7,"3":0,"4":0,"5":0,"6":0,"7":0,"8":0},"b":{"0":[0,0],"1":[7],"2":[0,0],"3":[0,0]},"meta":{"lastBranch":4,"lastFunction":9,"lastStatement":33,"seen":{"s:7:21:7:47":0,"s:9:28:9:57":1,"s:11:26:11:53":2,"s:13:27:13:55":3,"s:15:24:15:49":4,"s:17:31:17:63":5,"s:19:31:35:Infinity":6,"f:24:2:24:3":0,"s:24:45:35:Infinity":7,"b:29:6:29:15:29:15:29:Infinity":0,"s:38:0:39:Infinity":8,"s:41:31:51:Infinity":9,"f:44:2:44:3":1,"s:44:28:51:Infinity":10,"s:54:0:55:Infinity":11,"s:57:28:69:Infinity":12,"f:60:2:60:3":2,"s:60:44:69:Infinity":13,"b:60:29:60:30":1,"s:73:0:73:Infinity":14,"s:75:25:88:Infinity":15,"f:80:2:80:3":3,"s:80:35:88:Infinity":16,"b:85:6:85:15:85:15:85:Infinity":2,"s:91:0:91:Infinity":17,"s:93:33:111:Infinity":18,"f:96:2:96:3":4,"s:96:47:111:Infinity":19,"s:114:0:115:Infinity":20,"s:117:30:134:Infinity":21,"f:120:2:120:3":5,"s:120:38:134:Infinity":22,"s:137:0:137:Infinity":23,"s:139:26:152:Infinity":24,"f:144:2:144:3":6,"s:144:35:152:Infinity":25,"b:149:6:149:15:149:15:149:Infinity":3,"s:155:0:155:Infinity":26,"s:157:30:164:Infinity":27,"f:160:2:160:3":7,"s:160:28:164:Infinity":28,"s:167:0:167:Infinity":29,"s:169:29:179:Infinity":30,"f:169:29:169:30":8,"s:173:2:176:Infinity":31,"s:180:0:180:Infinity":32}}}
,"D:\\BookLoop\\WebsiteSourceCode\\bookLoop1.2\\BookLoop\\src\\components\\ui\\input.tsx": {"path":"D:\\BookLoop\\WebsiteSourceCode\\bookLoop1.2\\BookLoop\\src\\components\\ui\\input.tsx","statementMap":{"0":{"start":{"line":5,"column":14},"end":{"line":18,"column":null}},"1":{"start":{"line":7,"column":4},"end":{"line":15,"column":null}},"2":{"start":{"line":20,"column":0},"end":{"line":20,"column":null}}},"fnMap":{"0":{"name":"(anonymous_0)","decl":{"start":{"line":6,"column":2},"end":{"line":6,"column":3}},"loc":{"start":{"line":6,"column":34},"end":{"line":18,"column":null}},"line":6}},"branchMap":{},"s":{"0":1,"1":4,"2":1},"f":{"0":4},"b":{},"meta":{"lastBranch":0,"lastFunction":1,"lastStatement":3,"seen":{"s:5:14:18:Infinity":0,"f:6:2:6:3":0,"s:7:4:15:Infinity":1,"s:20:0:20:Infinity":2}}}
,"D:\\BookLoop\\WebsiteSourceCode\\bookLoop1.2\\BookLoop\\src\\components\\ui\\scroll-area.tsx": {"path":"D:\\BookLoop\\WebsiteSourceCode\\bookLoop1.2\\BookLoop\\src\\components\\ui\\scroll-area.tsx","statementMap":{"0":{"start":{"line":6,"column":19},"end":{"line":19,"column":null}},"1":{"start":{"line":9,"column":38},"end":{"line":19,"column":null}},"2":{"start":{"line":22,"column":0},"end":{"line":22,"column":null}},"3":{"start":{"line":24,"column":18},"end":{"line":41,"column":null}},"4":{"start":{"line":27,"column":54},"end":{"line":41,"column":null}},"5":{"start":{"line":44,"column":0},"end":{"line":44,"column":null}}},"fnMap":{"0":{"name":"(anonymous_0)","decl":{"start":{"line":9,"column":2},"end":{"line":9,"column":3}},"loc":{"start":{"line":9,"column":38},"end":{"line":19,"column":null}},"line":9},"1":{"name":"(anonymous_1)","decl":{"start":{"line":27,"column":2},"end":{"line":27,"column":3}},"loc":{"start":{"line":27,"column":54},"end":{"line":41,"column":null}},"line":27}},"branchMap":{"0":{"loc":{"start":{"line":27,"column":16},"end":{"line":27,"column":40}},"type":"default-arg","locations":[{"start":{"line":27,"column":30},"end":{"line":27,"column":40}}],"line":27},"1":{"loc":{"start":{"line":33,"column":6},"end":{"line":34,"column":null}},"type":"binary-expr","locations":[{"start":{"line":33,"column":6},"end":{"line":33,"column":null}},{"start":{"line":34,"column":8},"end":{"line":34,"column":null}}],"line":33},"2":{"loc":{"start":{"line":35,"column":6},"end":{"line":36,"column":null}},"type":"binary-expr","locations":[{"start":{"line":35,"column":6},"end":{"line":35,"column":null}},{"start":{"line":36,"column":8},"end":{"line":36,"column":null}}],"line":35}},"s":{"0":1,"1":0,"2":1,"3":1,"4":0,"5":1},"f":{"0":0,"1":0},"b":{"0":[0],"1":[0,0],"2":[0,0]},"meta":{"lastBranch":3,"lastFunction":2,"lastStatement":6,"seen":{"s:6:19:19:Infinity":0,"f:9:2:9:3":0,"s:9:38:19:Infinity":1,"s:22:0:22:Infinity":2,"s:24:18:41:Infinity":3,"f:27:2:27:3":1,"s:27:54:41:Infinity":4,"b:27:30:27:40":0,"b:33:6:33:Infinity:34:8:34:Infinity":1,"b:35:6:35:Infinity:36:8:36:Infinity":2,"s:44:0:44:Infinity":5}}}
,"D:\\BookLoop\\WebsiteSourceCode\\bookLoop1.2\\BookLoop\\src\\components\\ui\\separator.tsx": {"path":"D:\\BookLoop\\WebsiteSourceCode\\bookLoop1.2\\BookLoop\\src\\components\\ui\\separator.tsx","statementMap":{"0":{"start":{"line":6,"column":18},"end":{"line":23,"column":null}},"1":{"start":{"line":12,"column":4},"end":{"line":23,"column":null}},"2":{"start":{"line":27,"column":0},"end":{"line":27,"column":null}}},"fnMap":{"0":{"name":"(anonymous_0)","decl":{"start":{"line":10,"column":2},"end":{"line":10,"column":null}},"loc":{"start":{"line":12,"column":4},"end":{"line":23,"column":null}},"line":12}},"branchMap":{"0":{"loc":{"start":{"line":11,"column":17},"end":{"line":11,"column":43}},"type":"default-arg","locations":[{"start":{"line":11,"column":31},"end":{"line":11,"column":43}}],"line":11},"1":{"loc":{"start":{"line":11,"column":45},"end":{"line":11,"column":62}},"type":"default-arg","locations":[{"start":{"line":11,"column":58},"end":{"line":11,"column":62}}],"line":11},"2":{"loc":{"start":{"line":20,"column":8},"end":{"line":20,"column":null}},"type":"cond-expr","locations":[{"start":{"line":20,"column":39},"end":{"line":20,"column":58}},{"start":{"line":20,"column":58},"end":{"line":20,"column":null}}],"line":20}},"s":{"0":1,"1":0,"2":1},"f":{"0":0},"b":{"0":[0],"1":[0],"2":[0,0]},"meta":{"lastBranch":3,"lastFunction":1,"lastStatement":3,"seen":{"s:6:18:23:Infinity":0,"f:10:2:10:Infinity":0,"s:12:4:23:Infinity":1,"b:11:31:11:43":0,"b:11:58:11:62":1,"b:20:39:20:58:20:58:20:Infinity":2,"s:27:0:27:Infinity":2}}}
,"D:\\BookLoop\\WebsiteSourceCode\\bookLoop1.2\\BookLoop\\src\\hooks\\useAdmin.ts": {"path":"D:\\BookLoop\\WebsiteSourceCode\\bookLoop1.2\\BookLoop\\src\\hooks\\useAdmin.ts","statementMap":{"0":{"start":{"line":5,"column":24},"end":{"line":40,"column":null}},"1":{"start":{"line":6,"column":16},"end":{"line":6,"column":null}},"2":{"start":{"line":7,"column":29},"end":{"line":7,"column":null}},"3":{"start":{"line":8,"column":29},"end":{"line":8,"column":null}},"4":{"start":{"line":10,"column":2},"end":{"line":37,"column":null}},"5":{"start":{"line":11,"column":29},"end":{"line":34,"column":null}},"6":{"start":{"line":12,"column":6},"end":{"line":16,"column":null}},"7":{"start":{"line":13,"column":8},"end":{"line":13,"column":null}},"8":{"start":{"line":14,"column":8},"end":{"line":14,"column":null}},"9":{"start":{"line":15,"column":8},"end":{"line":15,"column":null}},"10":{"start":{"line":18,"column":6},"end":{"line":33,"column":null}},"11":{"start":{"line":19,"column":32},"end":{"line":24,"column":null}},"12":{"start":{"line":26,"column":8},"end":{"line":26,"column":null}},"13":{"start":{"line":26,"column":19},"end":{"line":26,"column":null}},"14":{"start":{"line":27,"column":8},"end":{"line":27,"column":null}},"15":{"start":{"line":29,"column":8},"end":{"line":29,"column":null}},"16":{"start":{"line":30,"column":8},"end":{"line":30,"column":null}},"17":{"start":{"line":32,"column":8},"end":{"line":32,"column":null}},"18":{"start":{"line":36,"column":4},"end":{"line":36,"column":null}},"19":{"start":{"line":39,"column":2},"end":{"line":39,"column":null}}},"fnMap":{"0":{"name":"(anonymous_0)","decl":{"start":{"line":5,"column":24},"end":{"line":5,"column":null}},"loc":{"start":{"line":5,"column":24},"end":{"line":40,"column":null}},"line":5},"1":{"name":"(anonymous_1)","decl":{"start":{"line":10,"column":12},"end":{"line":10,"column":null}},"loc":{"start":{"line":10,"column":12},"end":{"line":37,"column":5}},"line":10},"2":{"name":"(anonymous_2)","decl":{"start":{"line":11,"column":29},"end":{"line":11,"column":null}},"loc":{"start":{"line":11,"column":29},"end":{"line":34,"column":null}},"line":11}},"branchMap":{"0":{"loc":{"start":{"line":12,"column":6},"end":{"line":16,"column":null}},"type":"if","locations":[{"start":{"line":12,"column":6},"end":{"line":16,"column":null}},{"start":{},"end":{}}],"line":12},"1":{"loc":{"start":{"line":26,"column":8},"end":{"line":26,"column":null}},"type":"if","locations":[{"start":{"line":26,"column":8},"end":{"line":26,"column":null}},{"start":{},"end":{}}],"line":26}},"s":{"0":2,"1":13,"2":13,"3":13,"4":13,"5":7,"6":7,"7":3,"8":3,"9":3,"10":4,"11":4,"12":4,"13":0,"14":4,"15":0,"16":0,"17":4,"18":7,"19":13},"f":{"0":13,"1":7,"2":7},"b":{"0":[3,4],"1":[0,4]},"meta":{"lastBranch":2,"lastFunction":3,"lastStatement":20,"seen":{"s:5:24:40:Infinity":0,"f:5:24:5:Infinity":0,"s:6:16:6:Infinity":1,"s:7:29:7:Infinity":2,"s:8:29:8:Infinity":3,"s:10:2:37:Infinity":4,"f:10:12:10:Infinity":1,"s:11:29:34:Infinity":5,"f:11:29:11:Infinity":2,"b:12:6:16:Infinity:undefined:undefined:undefined:undefined":0,"s:12:6:16:Infinity":6,"s:13:8:13:Infinity":7,"s:14:8:14:Infinity":8,"s:15:8:15:Infinity":9,"s:18:6:33:Infinity":10,"s:19:32:24:Infinity":11,"b:26:8:26:Infinity:undefined:undefined:undefined:undefined":1,"s:26:8:26:Infinity":12,"s:26:19:26:Infinity":13,"s:27:8:27:Infinity":14,"s:29:8:29:Infinity":15,"s:30:8:30:Infinity":16,"s:32:8:32:Infinity":17,"s:36:4:36:Infinity":18,"s:39:2:39:Infinity":19}}}
,"D:\\BookLoop\\WebsiteSourceCode\\bookLoop1.2\\BookLoop\\src\\lib\\imageValidation.ts": {"path":"D:\\BookLoop\\WebsiteSourceCode\\bookLoop1.2\\BookLoop\\src\\lib\\imageValidation.ts","statementMap":{"0":{"start":{"line":7,"column":35},"end":{"line":7,"column":null}},"1":{"start":{"line":8,"column":34},"end":{"line":8,"column":null}},"2":{"start":{"line":20,"column":33},"end":{"line":39,"column":null}},"3":{"start":{"line":22,"column":2},"end":{"line":27,"column":null}},"4":{"start":{"line":23,"column":4},"end":{"line":26,"column":null}},"5":{"start":{"line":30,"column":20},"end":{"line":30,"column":null}},"6":{"start":{"line":31,"column":2},"end":{"line":36,"column":null}},"7":{"start":{"line":32,"column":4},"end":{"line":35,"column":null}},"8":{"start":{"line":38,"column":2},"end":{"line":38,"column":null}}},"fnMap":{"0":{"name":"(anonymous_0)","decl":{"start":{"line":20,"column":33},"end":{"line":20,"column":34}},"loc":{"start":{"line":20,"column":34},"end":{"line":39,"column":null}},"line":20}},"branchMap":{"0":{"loc":{"start":{"line":22,"column":2},"end":{"line":27,"column":null}},"type":"if","locations":[{"start":{"line":22,"column":2},"end":{"line":27,"column":null}},{"start":{},"end":{}}],"line":22},"1":{"loc":{"start":{"line":31,"column":2},"end":{"line":36,"column":null}},"type":"if","locations":[{"start":{"line":31,"column":2},"end":{"line":36,"column":null}},{"start":{},"end":{}}],"line":31},"2":{"loc":{"start":{"line":31,"column":6},"end":{"line":31,"column":61}},"type":"binary-expr","locations":[{"start":{"line":31,"column":6},"end":{"line":31,"column":20}},{"start":{"line":31,"column":20},"end":{"line":31,"column":61}}],"line":31}},"s":{"0":1,"1":1,"2":1,"3":3,"4":1,"5":2,"6":3,"7":1,"8":1},"f":{"0":3},"b":{"0":[1,2],"1":[1,2],"2":[3,2]},"meta":{"lastBranch":3,"lastFunction":1,"lastStatement":9,"seen":{"s:7:35:7:Infinity":0,"s:8:34:8:Infinity":1,"s:20:33:39:Infinity":2,"f:20:33:20:34":0,"b:22:2:27:Infinity:undefined:undefined:undefined:undefined":0,"s:22:2:27:Infinity":3,"s:23:4:26:Infinity":4,"s:30:20:30:Infinity":5,"b:31:2:36:Infinity:undefined:undefined:undefined:undefined":1,"s:31:2:36:Infinity":6,"b:31:6:31:20:31:20:31:61":2,"s:32:4:35:Infinity":7,"s:38:2:38:Infinity":8}}}
,"D:\\BookLoop\\WebsiteSourceCode\\bookLoop1.2\\BookLoop\\src\\lib\\utils.ts": {"path":"D:\\BookLoop\\WebsiteSourceCode\\bookLoop1.2\\BookLoop\\src\\lib\\utils.ts","statementMap":{"0":{"start":{"line":5,"column":2},"end":{"line":5,"column":null}}},"fnMap":{"0":{"name":"cn","decl":{"start":{"line":4,"column":16},"end":{"line":4,"column":19}},"loc":{"start":{"line":4,"column":42},"end":{"line":6,"column":null}},"line":4}},"branchMap":{},"s":{"0":71},"f":{"0":71},"b":{},"meta":{"lastBranch":0,"lastFunction":1,"lastStatement":1,"seen":{"f:4:16:4:19":0,"s:5:2:5:Infinity":0}}}
,"D:\\BookLoop\\WebsiteSourceCode\\bookLoop1.2\\BookLoop\\src\\pages\\HomePage.tsx": {"path":"D:\\BookLoop\\WebsiteSourceCode\\bookLoop1.2\\BookLoop\\src\\pages\\HomePage.tsx","statementMap":{"0":{"start":{"line":15,"column":17},"end":{"line":182,"column":null}},"1":{"start":{"line":16,"column":23},"end":{"line":16,"column":null}},"2":{"start":{"line":16,"column":41},"end":{"line":16,"column":null}},"3":{"start":{"line":17,"column":2},"end":{"line":19,"column":null}},"4":{"start":{"line":18,"column":4},"end":{"line":18,"column":null}},"5":{"start":{"line":18,"column":23},"end":{"line":18,"column":null}},"6":{"start":{"line":20,"column":8},"end":{"line":20,"column":null}},"7":{"start":{"line":21,"column":16},"end":{"line":21,"column":null}},"8":{"start":{"line":22,"column":56},"end":{"line":22,"column":null}},"9":{"start":{"line":23,"column":37},"end":{"line":23,"column":null}},"10":{"start":{"line":24,"column":19},"end":{"line":24,"column":null}},"11":{"start":{"line":25,"column":19},"end":{"line":25,"column":null}},"12":{"start":{"line":28,"column":29},"end":{"line":76,"column":null}},"13":{"start":{"line":30,"column":24},"end":{"line":30,"column":null}},"14":{"start":{"line":30,"column":41},"end":{"line":30,"column":null}},"15":{"start":{"line":31,"column":4},"end":{"line":33,"column":null}},"16":{"start":{"line":32,"column":6},"end":{"line":32,"column":null}},"17":{"start":{"line":36,"column":48},"end":{"line":72,"column":null}},"18":{"start":{"line":74,"column":16},"end":{"line":74,"column":52}},"19":{"start":{"line":75,"column":4},"end":{"line":75,"column":null}},"20":{"start":{"line":78,"column":23},"end":{"line":83,"column":null}},"21":{"start":{"line":79,"column":4},"end":{"line":79,"column":null}},"22":{"start":{"line":80,"column":4},"end":{"line":82,"column":null}},"23":{"start":{"line":81,"column":6},"end":{"line":81,"column":null}},"24":{"start":{"line":85,"column":2},"end":{"line":176,"column":null}},"25":{"start":{"line":118,"column":37},"end":{"line":118,"column":null}},"26":{"start":{"line":159,"column":12},"end":{"line":160,"column":34}}},"fnMap":{"0":{"name":"(anonymous_0)","decl":{"start":{"line":15,"column":17},"end":{"line":15,"column":null}},"loc":{"start":{"line":15,"column":17},"end":{"line":182,"column":null}},"line":15},"1":{"name":"(anonymous_1)","decl":{"start":{"line":16,"column":35},"end":{"line":16,"column":41}},"loc":{"start":{"line":16,"column":41},"end":{"line":16,"column":null}},"line":16},"2":{"name":"(anonymous_2)","decl":{"start":{"line":17,"column":12},"end":{"line":17,"column":null}},"loc":{"start":{"line":17,"column":12},"end":{"line":19,"column":5}},"line":17},"3":{"name":"(anonymous_3)","decl":{"start":{"line":28,"column":29},"end":{"line":28,"column":30}},"loc":{"start":{"line":28,"column":30},"end":{"line":76,"column":null}},"line":28},"4":{"name":"(anonymous_4)","decl":{"start":{"line":30,"column":36},"end":{"line":30,"column":41}},"loc":{"start":{"line":30,"column":41},"end":{"line":30,"column":null}},"line":30},"5":{"name":"(anonymous_5)","decl":{"start":{"line":78,"column":23},"end":{"line":78,"column":24}},"loc":{"start":{"line":78,"column":24},"end":{"line":83,"column":null}},"line":78},"6":{"name":"(anonymous_6)","decl":{"start":{"line":118,"column":30},"end":{"line":118,"column":31}},"loc":{"start":{"line":118,"column":37},"end":{"line":118,"column":null}},"line":118},"7":{"name":"(anonymous_7)","decl":{"start":{"line":158,"column":44},"end":{"line":158,"column":45}},"loc":{"start":{"line":159,"column":12},"end":{"line":160,"column":34}},"line":159}},"branchMap":{"0":{"loc":{"start":{"line":18,"column":4},"end":{"line":18,"column":null}},"type":"if","locations":[{"start":{"line":18,"column":4},"end":{"line":18,"column":null}},{"start":{},"end":{}}],"line":18},"1":{"loc":{"start":{"line":31,"column":4},"end":{"line":33,"column":null}},"type":"if","locations":[{"start":{"line":31,"column":4},"end":{"line":33,"column":null}},{"start":{},"end":{}}],"line":31},"2":{"loc":{"start":{"line":32,"column":13},"end":{"line":32,"column":85}},"type":"cond-expr","locations":[{"start":{"line":32,"column":47},"end":{"line":32,"column":66}},{"start":{"line":32,"column":69},"end":{"line":32,"column":85}}],"line":32},"3":{"loc":{"start":{"line":32,"column":13},"end":{"line":32,"column":44}},"type":"binary-expr","locations":[{"start":{"line":32,"column":13},"end":{"line":32,"column":25}},{"start":{"line":32,"column":25},"end":{"line":32,"column":44}}],"line":32},"4":{"loc":{"start":{"line":75,"column":11},"end":{"line":75,"column":null}},"type":"cond-expr","locations":[{"start":{"line":75,"column":17},"end":{"line":75,"column":26}},{"start":{"line":75,"column":26},"end":{"line":75,"column":null}}],"line":75},"5":{"loc":{"start":{"line":80,"column":4},"end":{"line":82,"column":null}},"type":"if","locations":[{"start":{"line":80,"column":4},"end":{"line":82,"column":null}},{"start":{},"end":{}}],"line":80},"6":{"loc":{"start":{"line":93,"column":19},"end":{"line":93,"column":null}},"type":"cond-expr","locations":[{"start":{"line":93,"column":35},"end":{"line":93,"column":52}},{"start":{"line":93,"column":52},"end":{"line":93,"column":null}}],"line":93},"7":{"loc":{"start":{"line":94,"column":19},"end":{"line":94,"column":null}},"type":"cond-expr","locations":[{"start":{"line":94,"column":35},"end":{"line":94,"column":52}},{"start":{"line":94,"column":52},"end":{"line":94,"column":null}}],"line":94},"8":{"loc":{"start":{"line":133,"column":17},"end":{"line":139,"column":null}},"type":"cond-expr","locations":[{"start":{"line":133,"column":18},"end":{"line":138,"column":19}},{"start":{"line":138,"column":18},"end":{"line":139,"column":null}}],"line":133},"9":{"loc":{"start":{"line":154,"column":26},"end":{"line":154,"column":null}},"type":"cond-expr","locations":[{"start":{"line":154,"column":36},"end":{"line":154,"column":58}},{"start":{"line":154,"column":58},"end":{"line":154,"column":null}}],"line":154},"10":{"loc":{"start":{"line":159,"column":12},"end":{"line":160,"column":34}},"type":"binary-expr","locations":[{"start":{"line":159,"column":12},"end":{"line":159,"column":null}},{"start":{"line":159,"column":27},"end":{"line":160,"column":34}}],"line":159}},"s":{"0":1,"1":4,"2":3,"3":4,"4":3,"5":1,"6":4,"7":4,"8":4,"9":4,"10":4,"11":4,"12":4,"13":0,"14":0,"15":0,"16":0,"17":0,"18":0,"19":0,"20":4,"21":1,"22":1,"23":1,"24":4,"25":1,"26":0},"f":{"0":4,"1":3,"2":3,"3":0,"4":0,"5":1,"6":1,"7":0},"b":{"0":[1,2],"1":[0,0],"2":[0,0],"3":[0,0],"4":[0,0],"5":[1,0],"6":[1,3],"7":[1,3],"8":[4,0],"9":[0,4],"10":[0,0]},"meta":{"lastBranch":11,"lastFunction":8,"lastStatement":27,"seen":{"s:15:17:182:Infinity":0,"f:15:17:15:Infinity":0,"s:16:23:16:Infinity":1,"f:16:35:16:41":1,"s:16:41:16:Infinity":2,"s:17:2:19:Infinity":3,"f:17:12:17:Infinity":2,"b:18:4:18:Infinity:undefined:undefined:undefined:undefined":0,"s:18:4:18:Infinity":4,"s:18:23:18:Infinity":5,"s:20:8:20:Infinity":6,"s:21:16:21:Infinity":7,"s:22:56:22:Infinity":8,"s:23:37:23:Infinity":9,"s:24:19:24:Infinity":10,"s:25:19:25:Infinity":11,"s:28:29:76:Infinity":12,"f:28:29:28:30":3,"s:30:24:30:Infinity":13,"f:30:36:30:41":4,"s:30:41:30:Infinity":14,"b:31:4:33:Infinity:undefined:undefined:undefined:undefined":1,"s:31:4:33:Infinity":15,"s:32:6:32:Infinity":16,"b:32:47:32:66:32:69:32:85":2,"b:32:13:32:25:32:25:32:44":3,"s:36:48:72:Infinity":17,"s:74:16:74:52":18,"s:75:4:75:Infinity":19,"b:75:17:75:26:75:26:75:Infinity":4,"s:78:23:83:Infinity":20,"f:78:23:78:24":5,"s:79:4:79:Infinity":21,"b:80:4:82:Infinity:undefined:undefined:undefined:undefined":5,"s:80:4:82:Infinity":22,"s:81:6:81:Infinity":23,"s:85:2:176:Infinity":24,"b:93:35:93:52:93:52:93:Infinity":6,"b:94:35:94:52:94:52:94:Infinity":7,"f:118:30:118:31":6,"s:118:37:118:Infinity":25,"b:133:18:138:19:138:18:139:Infinity":8,"b:154:36:154:58:154:58:154:Infinity":9,"f:158:44:158:45":7,"s:159:12:160:34":26,"b:159:12:159:Infinity:159:27:160:34":10}}}
,"D:\\BookLoop\\WebsiteSourceCode\\bookLoop1.2\\BookLoop\\src\\tests\\utils\\test-utils.tsx": {"path":"D:\\BookLoop\\WebsiteSourceCode\\bookLoop1.2\\BookLoop\\src\\tests\\utils\\test-utils.tsx","statementMap":{"0":{"start":{"line":7,"column":31},"end":{"line":13,"column":null}},"1":{"start":{"line":15,"column":32},"end":{"line":21,"column":null}},"2":{"start":{"line":25,"column":2},"end":{"line":25,"column":null}},"3":{"start":{"line":27,"column":2},"end":{"line":29,"column":null}}},"fnMap":{"0":{"name":"render","decl":{"start":{"line":24,"column":9},"end":{"line":24,"column":16}},"loc":{"start":{"line":24,"column":60},"end":{"line":32,"column":null}},"line":24}},"branchMap":{"0":{"loc":{"start":{"line":24,"column":40},"end":{"line":24,"column":60}},"type":"default-arg","locations":[{"start":{"line":24,"column":58},"end":{"line":24,"column":60}}],"line":24},"1":{"loc":{"start":{"line":24,"column":42},"end":{"line":24,"column":53}},"type":"default-arg","locations":[{"start":{"line":24,"column":50},"end":{"line":24,"column":53}}],"line":24}},"s":{"0":1,"1":1,"2":3,"3":3},"f":{"0":3},"b":{"0":[3],"1":[3]},"meta":{"lastBranch":2,"lastFunction":1,"lastStatement":4,"seen":{"s:7:31:13:Infinity":0,"s:15:32:21:Infinity":1,"f:24:9:24:16":0,"b:24:58:24:60":0,"b:24:50:24:53":1,"s:25:2:25:Infinity":2,"s:27:2:29:Infinity":3}}}
}
